<?xml version="1.0" encoding="UTF-8"?>
<robot generator="Robot 3.2.2 (Python 3.8.3 on win32)" generated="20200924 13:33:26.373" rpa="false">
<suite id="s1" name="Test-Facebook" source="D:\Internship\Facebook-Test\Test-Facebook.robot">
<test id="s1-t1" name="Login Facebook - success">
<kw name="Evaluate" library="BuiltIn">
<doc>Evaluates the given expression in Python and returns the result.</doc>
<arguments>
<arg>sys.modules['selenium.webdriver.chrome.options'].Options()</arg>
<arg>sys</arg>
</arguments>
<assign>
<var>${options}</var>
</assign>
<msg timestamp="20200924 13:33:26.611" level="INFO">${options} = &lt;selenium.webdriver.chrome.options.Options object at 0x04550DC0&gt;</msg>
<status status="PASS" starttime="20200924 13:33:26.611" endtime="20200924 13:33:26.611"></status>
</kw>
<kw name="Call Method" library="BuiltIn">
<doc>Calls the named method of the given object with the provided arguments.</doc>
<arguments>
<arg>${options}</arg>
<arg>add_argument</arg>
<arg>--disable-notifications</arg>
</arguments>
<status status="PASS" starttime="20200924 13:33:26.612" endtime="20200924 13:33:26.612"></status>
</kw>
<kw name="Create Webdriver" library="SeleniumLibrary">
<doc>Creates an instance of Selenium WebDriver.</doc>
<arguments>
<arg>Chrome</arg>
<arg>options=${options}</arg>
</arguments>
<assign>
<var>${driver}</var>
</assign>
<msg timestamp="20200924 13:33:26.613" level="INFO">Creating an instance of the Chrome WebDriver.</msg>
<msg timestamp="20200924 13:33:29.705" level="INFO">${driver} = 1</msg>
<status status="PASS" starttime="20200924 13:33:26.613" endtime="20200924 13:33:29.706"></status>
</kw>
<kw name="Go To" library="SeleniumLibrary">
<doc>Navigates the current browser window to the provided ``url``.</doc>
<arguments>
<arg>${url_facebook}</arg>
</arguments>
<msg timestamp="20200924 13:33:29.707" level="INFO">Opening url 'http://www.facebook.com'</msg>
<status status="PASS" starttime="20200924 13:33:29.706" endtime="20200924 13:33:31.412"></status>
</kw>
<kw name="Maximize Browser Window" library="SeleniumLibrary">
<doc>Maximizes current browser window.</doc>
<status status="PASS" starttime="20200924 13:33:31.413" endtime="20200924 13:33:33.546"></status>
</kw>
<kw name="Input Username and Password">
<arguments>
<arg>${input_user}</arg>
<arg>${input_pass}</arg>
<arg>${username_success}</arg>
<arg>${password_success}</arg>
</arguments>
<kw name="Element Should Be Visible" library="SeleniumLibrary">
<doc>Verifies that the element identified by ``locator`` is visible.</doc>
<arguments>
<arg>${xpath_user}</arg>
</arguments>
<msg timestamp="20200924 13:33:33.574" level="INFO">Element '//*[@id="email"]' is displayed.</msg>
<status status="PASS" starttime="20200924 13:33:33.547" endtime="20200924 13:33:33.574"></status>
</kw>
<kw name="Element Should Be Visible" library="SeleniumLibrary">
<doc>Verifies that the element identified by ``locator`` is visible.</doc>
<arguments>
<arg>${xpath_pass}</arg>
</arguments>
<msg timestamp="20200924 13:33:33.598" level="INFO">Element '//*[@id="pass"]' is displayed.</msg>
<status status="PASS" starttime="20200924 13:33:33.574" endtime="20200924 13:33:33.598"></status>
</kw>
<kw name="Input Text" library="SeleniumLibrary">
<doc>Types the given ``text`` into the text field identified by ``locator``.</doc>
<arguments>
<arg>${xpath_user}</arg>
<arg>${username}</arg>
</arguments>
<msg timestamp="20200924 13:33:33.598" level="INFO">Typing text 'p_nan29@hotmail.com' into text field '//*[@id="email"]'.</msg>
<status status="PASS" starttime="20200924 13:33:33.598" endtime="20200924 13:33:33.698"></status>
</kw>
<kw name="Input Text" library="SeleniumLibrary">
<doc>Types the given ``text`` into the text field identified by ``locator``.</doc>
<arguments>
<arg>${xpath_pass}</arg>
<arg>${password}</arg>
</arguments>
<msg timestamp="20200924 13:33:33.699" level="INFO">Typing text 'loibandit1999' into text field '//*[@id="pass"]'.</msg>
<status status="PASS" starttime="20200924 13:33:33.698" endtime="20200924 13:33:33.797"></status>
</kw>
<status status="PASS" starttime="20200924 13:33:33.547" endtime="20200924 13:33:33.797"></status>
</kw>
<kw name="Click Button Login">
<arguments>
<arg>${btn_login}</arg>
</arguments>
<kw name="Click Element" library="SeleniumLibrary">
<doc>Click the element identified by ``locator``.</doc>
<arguments>
<arg>${login_btn}</arg>
</arguments>
<msg timestamp="20200924 13:33:33.798" level="INFO">Clicking element 'name=login'.</msg>
<status status="PASS" starttime="20200924 13:33:33.798" endtime="20200924 13:33:33.872"></status>
</kw>
<status status="PASS" starttime="20200924 13:33:33.798" endtime="20200924 13:33:33.872"></status>
</kw>
<kw name="Wait Until Page Contains Element" library="SeleniumLibrary">
<doc>Waits until the element ``locator`` appears on the current page.</doc>
<arguments>
<arg>Id:ssrb_root_start</arg>
</arguments>
<status status="PASS" starttime="20200924 13:33:33.873" endtime="20200924 13:33:37.156"></status>
</kw>
<kw name="Sleep" library="BuiltIn">
<doc>Pauses the test executed for the given time.</doc>
<arguments>
<arg>3s</arg>
</arguments>
<msg timestamp="20200924 13:33:40.158" level="INFO">Slept 3 seconds</msg>
<status status="PASS" starttime="20200924 13:33:37.156" endtime="20200924 13:33:40.158"></status>
</kw>
<tags>
<tag>Login Facebook success</tag>
</tags>
<status status="PASS" starttime="20200924 13:33:26.610" endtime="20200924 13:33:40.159" critical="yes"></status>
</test>
<test id="s1-t2" name="Search">
<kw name="Input Text" library="SeleniumLibrary">
<doc>Types the given ``text`` into the text field identified by ``locator``.</doc>
<arguments>
<arg>${search}</arg>
<arg>${search_keyword}</arg>
</arguments>
<msg timestamp="20200924 13:33:40.166" level="INFO">Typing text 'Tester Thailand' into text field '//input[@type='search']'.</msg>
<status status="PASS" starttime="20200924 13:33:40.165" endtime="20200924 13:33:40.389"></status>
</kw>
<kw name="Press Keys" library="SeleniumLibrary">
<doc>Simulates the user pressing key(s) to an element or on the active browser.</doc>
<arguments>
<arg>${search}</arg>
<arg>ENTER</arg>
</arguments>
<msg timestamp="20200924 13:33:40.391" level="INFO">Sending key(s) ('ENTER',) to //input[@type='search'] element.</msg>
<msg timestamp="20200924 13:33:40.696" level="INFO">Pressing special key ENTER to element.</msg>
<msg timestamp="20200924 13:33:40.696" level="INFO">Releasing special key ENTER.</msg>
<status status="PASS" starttime="20200924 13:33:40.390" endtime="20200924 13:33:40.753"></status>
</kw>
<kw name="Wait Until Page Contains Element" library="SeleniumLibrary">
<doc>Waits until the element ``locator`` appears on the current page.</doc>
<arguments>
<arg>xpath: //*[contains(text(), "Search results for")]</arg>
</arguments>
<status status="PASS" starttime="20200924 13:33:40.754" endtime="20200924 13:33:41.452"></status>
</kw>
<kw name="Sleep" library="BuiltIn">
<doc>Pauses the test executed for the given time.</doc>
<arguments>
<arg>3s</arg>
</arguments>
<msg timestamp="20200924 13:33:44.453" level="INFO">Slept 3 seconds</msg>
<status status="PASS" starttime="20200924 13:33:41.453" endtime="20200924 13:33:44.453"></status>
</kw>
<tags>
<tag>Search text success</tag>
</tags>
<status status="PASS" starttime="20200924 13:33:40.164" endtime="20200924 13:33:44.454" critical="yes"></status>
</test>
<test id="s1-t3" name="Show Watch Page">
<kw name="Click Button Watch">
<arguments>
<arg>${btn_watch}</arg>
</arguments>
<kw name="Click Element" library="SeleniumLibrary">
<doc>Click the element identified by ``locator``.</doc>
<arguments>
<arg>${watch_btn}</arg>
</arguments>
<msg timestamp="20200924 13:33:44.461" level="INFO">Clicking element '//a[@href='/watch/']'.</msg>
<status status="PASS" starttime="20200924 13:33:44.461" endtime="20200924 13:33:44.553"></status>
</kw>
<status status="PASS" starttime="20200924 13:33:44.460" endtime="20200924 13:33:44.553"></status>
</kw>
<kw name="Wait Until Page Contains Element" library="SeleniumLibrary">
<doc>Waits until the element ``locator`` appears on the current page.</doc>
<arguments>
<arg>xpath: //*[contains(text(), "watch")]</arg>
</arguments>
<status status="PASS" starttime="20200924 13:33:44.554" endtime="20200924 13:33:44.580"></status>
</kw>
<kw name="Sleep" library="BuiltIn">
<doc>Pauses the test executed for the given time.</doc>
<arguments>
<arg>3s</arg>
</arguments>
<msg timestamp="20200924 13:33:47.582" level="INFO">Slept 3 seconds</msg>
<status status="PASS" starttime="20200924 13:33:44.581" endtime="20200924 13:33:47.582"></status>
</kw>
<tags>
<tag>Click watch success</tag>
</tags>
<status status="PASS" starttime="20200924 13:33:44.459" endtime="20200924 13:33:47.583" critical="yes"></status>
</test>
<test id="s1-t4" name="Show Group Page">
<kw name="Click Button Group">
<arguments>
<arg>${btn_group}</arg>
</arguments>
<kw name="Click Element" library="SeleniumLibrary">
<doc>Click the element identified by ``locator``.</doc>
<arguments>
<arg>${group_btn}</arg>
</arguments>
<msg timestamp="20200924 13:33:47.589" level="INFO">Clicking element '//a[@href='/groups/']'.</msg>
<status status="PASS" starttime="20200924 13:33:47.589" endtime="20200924 13:33:47.681"></status>
</kw>
<status status="PASS" starttime="20200924 13:33:47.588" endtime="20200924 13:33:47.681"></status>
</kw>
<kw name="Wait Until Page Contains Element" library="SeleniumLibrary">
<doc>Waits until the element ``locator`` appears on the current page.</doc>
<arguments>
<arg>xpath: //div[@aria-label='Preview of a group']</arg>
</arguments>
<status status="PASS" starttime="20200924 13:33:47.682" endtime="20200924 13:33:48.554"></status>
</kw>
<kw name="Sleep" library="BuiltIn">
<doc>Pauses the test executed for the given time.</doc>
<arguments>
<arg>3s</arg>
</arguments>
<msg timestamp="20200924 13:33:51.556" level="INFO">Slept 3 seconds</msg>
<status status="PASS" starttime="20200924 13:33:48.554" endtime="20200924 13:33:51.556"></status>
</kw>
<tags>
<tag>Show more group</tag>
</tags>
<status status="PASS" starttime="20200924 13:33:47.587" endtime="20200924 13:33:51.557" critical="yes"></status>
</test>
<test id="s1-t5" name="Show Notification Tabs">
<kw name="Click Button Notification">
<arguments>
<arg>${btn_noti}</arg>
</arguments>
<kw name="Click Element" library="SeleniumLibrary">
<doc>Click the element identified by ``locator``.</doc>
<arguments>
<arg>${noti_btn}</arg>
</arguments>
<msg timestamp="20200924 13:33:51.564" level="INFO">Clicking element '//div[@aria-label='Notifications'][@role='button']'.</msg>
<status status="PASS" starttime="20200924 13:33:51.564" endtime="20200924 13:33:51.649"></status>
</kw>
<status status="PASS" starttime="20200924 13:33:51.563" endtime="20200924 13:33:51.649"></status>
</kw>
<kw name="Wait Until Page Contains Element" library="SeleniumLibrary">
<doc>Waits until the element ``locator`` appears on the current page.</doc>
<arguments>
<arg>xpath: //div[@aria-label='Notifications'][@role='dialog']</arg>
</arguments>
<status status="PASS" starttime="20200924 13:33:51.649" endtime="20200924 13:33:52.795"></status>
</kw>
<kw name="Sleep" library="BuiltIn">
<doc>Pauses the test executed for the given time.</doc>
<arguments>
<arg>1s</arg>
</arguments>
<msg timestamp="20200924 13:33:53.797" level="INFO">Slept 1 second</msg>
<status status="PASS" starttime="20200924 13:33:52.796" endtime="20200924 13:33:53.797"></status>
</kw>
<tags>
<tag>Click Notification</tag>
</tags>
<status status="PASS" starttime="20200924 13:33:51.562" endtime="20200924 13:33:53.798" critical="yes"></status>
</test>
<test id="s1-t6" name="Setting Facebook">
<kw name="Click Button Setting">
<arguments>
<arg>${btn_setting}</arg>
</arguments>
<kw name="Click Element" library="SeleniumLibrary">
<doc>Click the element identified by ``locator``.</doc>
<arguments>
<arg>${set_btn}</arg>
</arguments>
<msg timestamp="20200924 13:33:53.805" level="INFO">Clicking element '//div[@aria-label='Account']'.</msg>
<status status="PASS" starttime="20200924 13:33:53.804" endtime="20200924 13:33:53.875"></status>
</kw>
<status status="PASS" starttime="20200924 13:33:53.804" endtime="20200924 13:33:53.875"></status>
</kw>
<kw name="Sleep" library="BuiltIn">
<doc>Pauses the test executed for the given time.</doc>
<arguments>
<arg>3s</arg>
</arguments>
<msg timestamp="20200924 13:33:56.877" level="INFO">Slept 3 seconds</msg>
<status status="PASS" starttime="20200924 13:33:53.875" endtime="20200924 13:33:56.877"></status>
</kw>
<tags>
<tag>Log out Facebook</tag>
</tags>
<status status="PASS" starttime="20200924 13:33:53.803" endtime="20200924 13:33:56.878" critical="yes"></status>
</test>
<status status="PASS" starttime="20200924 13:33:26.375" endtime="20200924 13:33:56.884"></status>
</suite>
<statistics>
<total>
<stat pass="6" fail="0">Critical Tests</stat>
<stat pass="6" fail="0">All Tests</stat>
</total>
<tag>
<stat pass="1" fail="0">Click Notification</stat>
<stat pass="1" fail="0">Click watch success</stat>
<stat pass="1" fail="0">Login Facebook success</stat>
<stat pass="1" fail="0">Log out Facebook</stat>
<stat pass="1" fail="0">Search text success</stat>
<stat pass="1" fail="0">Show more group</stat>
</tag>
<suite>
<stat pass="6" fail="0" id="s1" name="Test-Facebook">Test-Facebook</stat>
</suite>
</statistics>
<errors>
</errors>
</robot>
