<?xml version="1.0" encoding="UTF-8"?>
<robot generator="Robot 3.2.2 (Python 3.8.3 on win32)" generated="20200923 00:17:14.109" rpa="false">
<suite id="s1" name="Test-Facebook" source="D:\Internship\Facebook-Test\Test-Facebook.robot">
<kw name="Open Browser" library="SeleniumLibrary" type="setup">
<doc>Opens a new browser instance to the optional ``url``.</doc>
<arguments>
<arg>about:blank</arg>
<arg>chrome</arg>
</arguments>
<msg timestamp="20200923 00:17:14.335" level="INFO">Opening browser 'chrome' to base url 'about:blank'.</msg>
<status status="PASS" starttime="20200923 00:17:14.335" endtime="20200923 00:17:17.543"></status>
</kw>
<test id="s1-t1" name="Login Facebook - success">
<kw name="Go To" library="SeleniumLibrary">
<doc>Navigates the current browser window to the provided ``url``.</doc>
<arguments>
<arg>${url_facebook}</arg>
</arguments>
<msg timestamp="20200923 00:17:17.546" level="INFO">Opening url 'http://www.facebook.com'</msg>
<status status="PASS" starttime="20200923 00:17:17.545" endtime="20200923 00:17:19.059"></status>
</kw>
<kw name="Input Username and Password">
<arguments>
<arg>${input_user}</arg>
<arg>${input_pass}</arg>
<arg>${username_success}</arg>
<arg>${password_success}</arg>
</arguments>
<kw name="Element Should Be Visible" library="SeleniumLibrary">
<doc>Verifies that the element identified by ``locator`` is visible.</doc>
<arguments>
<arg>${xpath_user}</arg>
</arguments>
<msg timestamp="20200923 00:17:19.095" level="INFO">Element '//*[@id="email"]' is displayed.</msg>
<status status="PASS" starttime="20200923 00:17:19.061" endtime="20200923 00:17:19.095"></status>
</kw>
<kw name="Element Should Be Visible" library="SeleniumLibrary">
<doc>Verifies that the element identified by ``locator`` is visible.</doc>
<arguments>
<arg>${xpath_pass}</arg>
</arguments>
<msg timestamp="20200923 00:17:19.122" level="INFO">Element '//*[@id="pass"]' is displayed.</msg>
<status status="PASS" starttime="20200923 00:17:19.096" endtime="20200923 00:17:19.122"></status>
</kw>
<kw name="Input Text" library="SeleniumLibrary">
<doc>Types the given ``text`` into the text field identified by ``locator``.</doc>
<arguments>
<arg>${xpath_user}</arg>
<arg>${username}</arg>
</arguments>
<msg timestamp="20200923 00:17:19.122" level="INFO">Typing text 'p_nan29@hotmail.com' into text field '//*[@id="email"]'.</msg>
<status status="PASS" starttime="20200923 00:17:19.122" endtime="20200923 00:17:19.215"></status>
</kw>
<kw name="Input Text" library="SeleniumLibrary">
<doc>Types the given ``text`` into the text field identified by ``locator``.</doc>
<arguments>
<arg>${xpath_pass}</arg>
<arg>${password}</arg>
</arguments>
<msg timestamp="20200923 00:17:19.216" level="INFO">Typing text 'phattharaphon_28244' into text field '//*[@id="pass"]'.</msg>
<status status="PASS" starttime="20200923 00:17:19.215" endtime="20200923 00:17:19.357"></status>
</kw>
<status status="PASS" starttime="20200923 00:17:19.060" endtime="20200923 00:17:19.357"></status>
</kw>
<kw name="Click Button Login">
<arguments>
<arg>${btn_login}</arg>
</arguments>
<kw name="Element Should Be Visible" library="SeleniumLibrary">
<doc>Verifies that the element identified by ``locator`` is visible.</doc>
<arguments>
<arg>${login_btn}</arg>
</arguments>
<msg timestamp="20200923 00:17:19.377" level="INFO">Element 'name=login' is displayed.</msg>
<status status="PASS" starttime="20200923 00:17:19.358" endtime="20200923 00:17:19.378"></status>
</kw>
<kw name="Click Element" library="SeleniumLibrary">
<doc>Click the element identified by ``locator``.</doc>
<arguments>
<arg>${login_btn}</arg>
</arguments>
<msg timestamp="20200923 00:17:19.379" level="INFO">Clicking element 'name=login'.</msg>
<status status="PASS" starttime="20200923 00:17:19.378" endtime="20200923 00:17:19.441"></status>
</kw>
<status status="PASS" starttime="20200923 00:17:19.358" endtime="20200923 00:17:19.441"></status>
</kw>
<tags>
<tag>Login Facebook success</tag>
</tags>
<status status="PASS" starttime="20200923 00:17:17.544" endtime="20200923 00:17:19.442" critical="yes"></status>
</test>
<test id="s1-t2" name="Watch Button in Facebook">
<kw name="Click Button Watch">
<arguments>
<arg>${btn_watch}</arg>
</arguments>
<kw name="Wait Until Element Is Visible" library="SeleniumLibrary">
<doc>Waits until the element ``locator`` is visible.</doc>
<arguments>
<arg>${watch_btn}</arg>
</arguments>
<status status="PASS" starttime="20200923 00:17:19.447" endtime="20200923 00:17:24.171"></status>
</kw>
<kw name="Click Element" library="SeleniumLibrary">
<doc>Click the element identified by ``locator``.</doc>
<arguments>
<arg>${watch_btn}</arg>
</arguments>
<msg timestamp="20200923 00:17:24.172" level="INFO">Clicking element '//*[@id="mount_0_0"]/div/div[1]/div[1]/div[2]/div[3]/div/div[1]/div[1]/ul/li[2]/span/div/a'.</msg>
<status status="PASS" starttime="20200923 00:17:24.172" endtime="20200923 00:17:24.463"></status>
</kw>
<status status="PASS" starttime="20200923 00:17:19.446" endtime="20200923 00:17:24.464"></status>
</kw>
<tags>
<tag>Click watch success</tag>
</tags>
<status status="PASS" starttime="20200923 00:17:19.445" endtime="20200923 00:17:24.486" critical="yes"></status>
</test>
<test id="s1-t3" name="Show Notofication">
<kw name="Click Button Notification">
<arguments>
<arg>${btn_noti}</arg>
</arguments>
<kw name="Wait Until Element Is Visible" library="SeleniumLibrary">
<doc>Waits until the element ``locator`` is visible.</doc>
<arguments>
<arg>${noti_btn}</arg>
</arguments>
<status status="PASS" starttime="20200923 00:17:24.494" endtime="20200923 00:17:24.606"></status>
</kw>
<kw name="Click Element" library="SeleniumLibrary">
<doc>Click the element identified by ``locator``.</doc>
<arguments>
<arg>${noti_btn}</arg>
</arguments>
<msg timestamp="20200923 00:17:24.606" level="INFO">Clicking element '//*[@id="mount_0_0"]/div/div[1]/div[1]/div[2]/div[4]/div[1]/div[1]/span/div/div[1]'.</msg>
<status status="PASS" starttime="20200923 00:17:24.606" endtime="20200923 00:17:25.342"></status>
</kw>
<status status="PASS" starttime="20200923 00:17:24.494" endtime="20200923 00:17:25.343"></status>
</kw>
<tags>
<tag>Click Notification</tag>
</tags>
<status status="PASS" starttime="20200923 00:17:24.492" endtime="20200923 00:17:25.343" critical="yes"></status>
</test>
<test id="s1-t4" name="Show Group">
<kw name="Click Button Group">
<arguments>
<arg>${btn_group}</arg>
</arguments>
<kw name="Wait Until Element Is Visible" library="SeleniumLibrary">
<doc>Waits until the element ``locator`` is visible.</doc>
<arguments>
<arg>${group_btn}</arg>
</arguments>
<status status="PASS" starttime="20200923 00:17:25.350" endtime="20200923 00:17:25.505"></status>
</kw>
<kw name="Click Element" library="SeleniumLibrary">
<doc>Click the element identified by ``locator``.</doc>
<arguments>
<arg>${group_btn}</arg>
</arguments>
<msg timestamp="20200923 00:17:25.506" level="INFO">Clicking element '//*[@id="mount_0_0"]/div/div[1]/div[1]/div[2]/div[3]/div/div[1]/div[1]/ul/li[4]/span/div'.</msg>
<status status="PASS" starttime="20200923 00:17:25.506" endtime="20200923 00:17:25.643"></status>
</kw>
<status status="PASS" starttime="20200923 00:17:25.350" endtime="20200923 00:17:25.643"></status>
</kw>
<tags>
<tag>Show more group</tag>
</tags>
<status status="PASS" starttime="20200923 00:17:25.349" endtime="20200923 00:17:25.643" critical="yes"></status>
</test>
<test id="s1-t5" name="Show Setting">
<kw name="Click Button Setting">
<arguments>
<arg>${btn_setting}</arg>
</arguments>
<kw name="Wait Until Element Is Visible" library="SeleniumLibrary">
<doc>Waits until the element ``locator`` is visible.</doc>
<arguments>
<arg>${set_btn}</arg>
</arguments>
<status status="PASS" starttime="20200923 00:17:25.648" endtime="20200923 00:17:25.821"></status>
</kw>
<kw name="Click Element" library="SeleniumLibrary">
<doc>Click the element identified by ``locator``.</doc>
<arguments>
<arg>${set_btn}</arg>
</arguments>
<msg timestamp="20200923 00:17:25.822" level="INFO">Clicking element '//*[@id="mount_0_0"]/div/div[1]/div[1]/div[2]/div[4]/div[1]/span/div/div[1]'.</msg>
<status status="PASS" starttime="20200923 00:17:25.821" endtime="20200923 00:17:26.051"></status>
</kw>
<status status="PASS" starttime="20200923 00:17:25.646" endtime="20200923 00:17:26.051"></status>
</kw>
<tags>
<tag>Show more Setting</tag>
</tags>
<status status="PASS" starttime="20200923 00:17:25.645" endtime="20200923 00:17:26.052" critical="yes"></status>
</test>
<status status="PASS" starttime="20200923 00:17:14.111" endtime="20200923 00:17:26.059"></status>
</suite>
<statistics>
<total>
<stat pass="5" fail="0">Critical Tests</stat>
<stat pass="5" fail="0">All Tests</stat>
</total>
<tag>
<stat pass="1" fail="0">Click Notification</stat>
<stat pass="1" fail="0">Click watch success</stat>
<stat pass="1" fail="0">Login Facebook success</stat>
<stat pass="1" fail="0">Show more group</stat>
<stat pass="1" fail="0">Show more Setting</stat>
</tag>
<suite>
<stat pass="5" fail="0" id="s1" name="Test-Facebook">Test-Facebook</stat>
</suite>
</statistics>
<errors>
</errors>
</robot>
